{"C:\\Users\\Kelly\\OneDrive\\Desktop\\DevTools\\git\\demo-insurance-api\\demo-ui\\src\\App.jsx": {"path":"C:\\Users\\Kelly\\OneDrive\\Desktop\\DevTools\\git\\demo-insurance-api\\demo-ui\\src\\App.jsx","statementMap":{"0":{"start":{"line":13,"column":20},"end":{"line":21,"column":2}},"1":{"start":{"line":24,"column":39},"end":{"line":24,"column":48}},"2":{"start":{"line":25,"column":19},"end":{"line":25,"column":32}},"3":{"start":{"line":27,"column":23},"end":{"line":27,"column":61}},"4":{"start":{"line":27,"column":31},"end":{"line":27,"column":40}},"5":{"start":{"line":27,"column":41},"end":{"line":27,"column":59}},"6":{"start":{"line":29,"column":2},"end":{"line":53,"column":3}},"7":{"start":{"line":31,"column":25},"end":{"line":31,"column":38}},"8":{"start":{"line":57,"column":25},"end":{"line":57,"column":34}},"9":{"start":{"line":58,"column":2},"end":{"line":58,"column":65}},"10":{"start":{"line":62,"column":31},"end":{"line":62,"column":40}},"11":{"start":{"line":63,"column":2},"end":{"line":63,"column":58}},"12":{"start":{"line":63,"column":19},"end":{"line":63,"column":58}},"13":{"start":{"line":64,"column":2},"end":{"line":64,"column":54}},"14":{"start":{"line":64,"column":20},"end":{"line":64,"column":54}},"15":{"start":{"line":65,"column":2},"end":{"line":65,"column":17}},"16":{"start":{"line":69,"column":2},"end":{"line":86,"column":3}}},"fnMap":{"0":{"name":"Nav","decl":{"start":{"line":23,"column":9},"end":{"line":23,"column":12}},"loc":{"start":{"line":23,"column":15},"end":{"line":54,"column":1}},"line":23},"1":{"name":"(anonymous_1)","decl":{"start":{"line":27,"column":23},"end":{"line":27,"column":24}},"loc":{"start":{"line":27,"column":29},"end":{"line":27,"column":61}},"line":27},"2":{"name":"(anonymous_2)","decl":{"start":{"line":31,"column":19},"end":{"line":31,"column":20}},"loc":{"start":{"line":31,"column":25},"end":{"line":31,"column":38}},"line":31},"3":{"name":"PrivateRoute","decl":{"start":{"line":56,"column":9},"end":{"line":56,"column":21}},"loc":{"start":{"line":56,"column":36},"end":{"line":59,"column":1}},"line":56},"4":{"name":"AdminRoute","decl":{"start":{"line":61,"column":9},"end":{"line":61,"column":19}},"loc":{"start":{"line":61,"column":34},"end":{"line":66,"column":1}},"line":61},"5":{"name":"App","decl":{"start":{"line":68,"column":24},"end":{"line":68,"column":27}},"loc":{"start":{"line":68,"column":30},"end":{"line":87,"column":1}},"line":68}},"branchMap":{"0":{"loc":{"start":{"line":33,"column":9},"end":{"line":50,"column":9}},"type":"cond-expr","locations":[{"start":{"line":34,"column":10},"end":{"line":44,"column":13}},{"start":{"line":46,"column":10},"end":{"line":49,"column":13}}],"line":33},"1":{"loc":{"start":{"line":35,"column":13},"end":{"line":35,"column":70}},"type":"binary-expr","locations":[{"start":{"line":35,"column":13},"end":{"line":35,"column":24}},{"start":{"line":35,"column":28},"end":{"line":35,"column":70}}],"line":35},"2":{"loc":{"start":{"line":38,"column":13},"end":{"line":38,"column":64}},"type":"binary-expr","locations":[{"start":{"line":38,"column":13},"end":{"line":38,"column":24}},{"start":{"line":38,"column":28},"end":{"line":38,"column":64}}],"line":38},"3":{"loc":{"start":{"line":41,"column":29},"end":{"line":41,"column":93}},"type":"binary-expr","locations":[{"start":{"line":41,"column":29},"end":{"line":41,"column":40}},{"start":{"line":41,"column":44},"end":{"line":41,"column":93}}],"line":41},"4":{"loc":{"start":{"line":58,"column":9},"end":{"line":58,"column":65}},"type":"cond-expr","locations":[{"start":{"line":58,"column":22},"end":{"line":58,"column":30}},{"start":{"line":58,"column":33},"end":{"line":58,"column":65}}],"line":58},"5":{"loc":{"start":{"line":63,"column":2},"end":{"line":63,"column":58}},"type":"if","locations":[{"start":{"line":63,"column":2},"end":{"line":63,"column":58}},{"start":{},"end":{}}],"line":63},"6":{"loc":{"start":{"line":64,"column":2},"end":{"line":64,"column":54}},"type":"if","locations":[{"start":{"line":64,"column":2},"end":{"line":64,"column":54}},{"start":{},"end":{}}],"line":64}},"s":{"0":0,"1":0,"2":0,"3":0,"4":0,"5":0,"6":0,"7":0,"8":0,"9":0,"10":0,"11":0,"12":0,"13":0,"14":0,"15":0,"16":0},"f":{"0":0,"1":0,"2":0,"3":0,"4":0,"5":0},"b":{"0":[0,0],"1":[0,0],"2":[0,0],"3":[0,0],"4":[0,0],"5":[0,0],"6":[0,0]}}
,"C:\\Users\\Kelly\\OneDrive\\Desktop\\DevTools\\git\\demo-insurance-api\\demo-ui\\src\\api\\client.js": {"path":"C:\\Users\\Kelly\\OneDrive\\Desktop\\DevTools\\git\\demo-insurance-api\\demo-ui\\src\\api\\client.js","statementMap":{"0":{"start":{"line":3,"column":12},"end":{"line":3,"column":41}},"1":{"start":{"line":6,"column":0},"end":{"line":10,"column":2}},"2":{"start":{"line":7,"column":16},"end":{"line":7,"column":45}},"3":{"start":{"line":8,"column":2},"end":{"line":8,"column":61}},"4":{"start":{"line":8,"column":13},"end":{"line":8,"column":61}},"5":{"start":{"line":9,"column":2},"end":{"line":9,"column":15}},"6":{"start":{"line":15,"column":24},"end":{"line":15,"column":61}},"7":{"start":{"line":15,"column":34},"end":{"line":15,"column":61}},"8":{"start":{"line":16,"column":21},"end":{"line":19,"column":4}},"9":{"start":{"line":17,"column":2},"end":{"line":19,"column":4}},"10":{"start":{"line":22,"column":27},"end":{"line":22,"column":58}},"11":{"start":{"line":22,"column":33},"end":{"line":22,"column":58}},"12":{"start":{"line":23,"column":26},"end":{"line":23,"column":64}},"13":{"start":{"line":23,"column":34},"end":{"line":23,"column":64}},"14":{"start":{"line":24,"column":29},"end":{"line":24,"column":79}},"15":{"start":{"line":24,"column":43},"end":{"line":24,"column":79}},"16":{"start":{"line":25,"column":29},"end":{"line":25,"column":70}},"17":{"start":{"line":25,"column":37},"end":{"line":25,"column":70}},"18":{"start":{"line":28,"column":27},"end":{"line":28,"column":58}},"19":{"start":{"line":28,"column":33},"end":{"line":28,"column":58}},"20":{"start":{"line":29,"column":25},"end":{"line":29,"column":63}},"21":{"start":{"line":29,"column":33},"end":{"line":29,"column":63}},"22":{"start":{"line":30,"column":28},"end":{"line":30,"column":93}},"23":{"start":{"line":30,"column":49},"end":{"line":30,"column":93}},"24":{"start":{"line":31,"column":28},"end":{"line":31,"column":78}},"25":{"start":{"line":31,"column":42},"end":{"line":31,"column":78}},"26":{"start":{"line":32,"column":28},"end":{"line":32,"column":69}},"27":{"start":{"line":32,"column":36},"end":{"line":32,"column":69}},"28":{"start":{"line":35,"column":25},"end":{"line":35,"column":54}},"29":{"start":{"line":35,"column":31},"end":{"line":35,"column":54}},"30":{"start":{"line":36,"column":24},"end":{"line":36,"column":60}},"31":{"start":{"line":36,"column":32},"end":{"line":36,"column":60}},"32":{"start":{"line":37,"column":27},"end":{"line":37,"column":88}},"33":{"start":{"line":37,"column":47},"end":{"line":37,"column":88}},"34":{"start":{"line":38,"column":27},"end":{"line":38,"column":75}},"35":{"start":{"line":38,"column":41},"end":{"line":38,"column":75}},"36":{"start":{"line":39,"column":27},"end":{"line":39,"column":66}},"37":{"start":{"line":39,"column":35},"end":{"line":39,"column":66}},"38":{"start":{"line":42,"column":24},"end":{"line":42,"column":52}},"39":{"start":{"line":42,"column":30},"end":{"line":42,"column":52}},"40":{"start":{"line":43,"column":23},"end":{"line":43,"column":58}},"41":{"start":{"line":43,"column":31},"end":{"line":43,"column":58}},"42":{"start":{"line":44,"column":26},"end":{"line":44,"column":65}},"43":{"start":{"line":44,"column":36},"end":{"line":44,"column":65}},"44":{"start":{"line":45,"column":26},"end":{"line":45,"column":73}},"45":{"start":{"line":45,"column":40},"end":{"line":45,"column":73}},"46":{"start":{"line":46,"column":26},"end":{"line":46,"column":64}},"47":{"start":{"line":46,"column":34},"end":{"line":46,"column":64}},"48":{"start":{"line":49,"column":33},"end":{"line":49,"column":113}},"49":{"start":{"line":49,"column":56},"end":{"line":49,"column":113}}},"fnMap":{"0":{"name":"(anonymous_0)","decl":{"start":{"line":6,"column":29},"end":{"line":6,"column":30}},"loc":{"start":{"line":6,"column":39},"end":{"line":10,"column":1}},"line":6},"1":{"name":"(anonymous_1)","decl":{"start":{"line":15,"column":24},"end":{"line":15,"column":25}},"loc":{"start":{"line":15,"column":34},"end":{"line":15,"column":61}},"line":15},"2":{"name":"(anonymous_2)","decl":{"start":{"line":16,"column":21},"end":{"line":16,"column":22}},"loc":{"start":{"line":17,"column":2},"end":{"line":19,"column":4}},"line":17},"3":{"name":"(anonymous_3)","decl":{"start":{"line":22,"column":27},"end":{"line":22,"column":28}},"loc":{"start":{"line":22,"column":33},"end":{"line":22,"column":58}},"line":22},"4":{"name":"(anonymous_4)","decl":{"start":{"line":23,"column":26},"end":{"line":23,"column":27}},"loc":{"start":{"line":23,"column":34},"end":{"line":23,"column":64}},"line":23},"5":{"name":"(anonymous_5)","decl":{"start":{"line":24,"column":29},"end":{"line":24,"column":30}},"loc":{"start":{"line":24,"column":43},"end":{"line":24,"column":79}},"line":24},"6":{"name":"(anonymous_6)","decl":{"start":{"line":25,"column":29},"end":{"line":25,"column":30}},"loc":{"start":{"line":25,"column":37},"end":{"line":25,"column":70}},"line":25},"7":{"name":"(anonymous_7)","decl":{"start":{"line":28,"column":27},"end":{"line":28,"column":28}},"loc":{"start":{"line":28,"column":33},"end":{"line":28,"column":58}},"line":28},"8":{"name":"(anonymous_8)","decl":{"start":{"line":29,"column":25},"end":{"line":29,"column":26}},"loc":{"start":{"line":29,"column":33},"end":{"line":29,"column":63}},"line":29},"9":{"name":"(anonymous_9)","decl":{"start":{"line":30,"column":28},"end":{"line":30,"column":29}},"loc":{"start":{"line":30,"column":49},"end":{"line":30,"column":93}},"line":30},"10":{"name":"(anonymous_10)","decl":{"start":{"line":31,"column":28},"end":{"line":31,"column":29}},"loc":{"start":{"line":31,"column":42},"end":{"line":31,"column":78}},"line":31},"11":{"name":"(anonymous_11)","decl":{"start":{"line":32,"column":28},"end":{"line":32,"column":29}},"loc":{"start":{"line":32,"column":36},"end":{"line":32,"column":69}},"line":32},"12":{"name":"(anonymous_12)","decl":{"start":{"line":35,"column":25},"end":{"line":35,"column":26}},"loc":{"start":{"line":35,"column":31},"end":{"line":35,"column":54}},"line":35},"13":{"name":"(anonymous_13)","decl":{"start":{"line":36,"column":24},"end":{"line":36,"column":25}},"loc":{"start":{"line":36,"column":32},"end":{"line":36,"column":60}},"line":36},"14":{"name":"(anonymous_14)","decl":{"start":{"line":37,"column":27},"end":{"line":37,"column":28}},"loc":{"start":{"line":37,"column":47},"end":{"line":37,"column":88}},"line":37},"15":{"name":"(anonymous_15)","decl":{"start":{"line":38,"column":27},"end":{"line":38,"column":28}},"loc":{"start":{"line":38,"column":41},"end":{"line":38,"column":75}},"line":38},"16":{"name":"(anonymous_16)","decl":{"start":{"line":39,"column":27},"end":{"line":39,"column":28}},"loc":{"start":{"line":39,"column":35},"end":{"line":39,"column":66}},"line":39},"17":{"name":"(anonymous_17)","decl":{"start":{"line":42,"column":24},"end":{"line":42,"column":25}},"loc":{"start":{"line":42,"column":30},"end":{"line":42,"column":52}},"line":42},"18":{"name":"(anonymous_18)","decl":{"start":{"line":43,"column":23},"end":{"line":43,"column":24}},"loc":{"start":{"line":43,"column":31},"end":{"line":43,"column":58}},"line":43},"19":{"name":"(anonymous_19)","decl":{"start":{"line":44,"column":26},"end":{"line":44,"column":27}},"loc":{"start":{"line":44,"column":36},"end":{"line":44,"column":65}},"line":44},"20":{"name":"(anonymous_20)","decl":{"start":{"line":45,"column":26},"end":{"line":45,"column":27}},"loc":{"start":{"line":45,"column":40},"end":{"line":45,"column":73}},"line":45},"21":{"name":"(anonymous_21)","decl":{"start":{"line":46,"column":26},"end":{"line":46,"column":27}},"loc":{"start":{"line":46,"column":34},"end":{"line":46,"column":64}},"line":46},"22":{"name":"(anonymous_22)","decl":{"start":{"line":49,"column":33},"end":{"line":49,"column":34}},"loc":{"start":{"line":49,"column":56},"end":{"line":49,"column":113}},"line":49}},"branchMap":{"0":{"loc":{"start":{"line":8,"column":2},"end":{"line":8,"column":61}},"type":"if","locations":[{"start":{"line":8,"column":2},"end":{"line":8,"column":61}},{"start":{},"end":{}}],"line":8}},"s":{"0":1,"1":1,"2":0,"3":0,"4":0,"5":0,"6":1,"7":0,"8":1,"9":0,"10":1,"11":0,"12":1,"13":0,"14":1,"15":0,"16":1,"17":0,"18":1,"19":0,"20":1,"21":0,"22":1,"23":0,"24":1,"25":0,"26":1,"27":0,"28":1,"29":0,"30":1,"31":0,"32":1,"33":0,"34":1,"35":0,"36":1,"37":0,"38":1,"39":0,"40":1,"41":0,"42":1,"43":0,"44":1,"45":0,"46":1,"47":0,"48":1,"49":0},"f":{"0":0,"1":0,"2":0,"3":0,"4":0,"5":0,"6":0,"7":0,"8":0,"9":0,"10":0,"11":0,"12":0,"13":0,"14":0,"15":0,"16":0,"17":0,"18":0,"19":0,"20":0,"21":0,"22":0},"b":{"0":[0,0]},"_coverageSchema":"1a1c01bbd47fc00a2c39e90264f33305004495a9","hash":"36558f740f7db349a35b545aad27e3ec6bf72e0f"}
,"C:\\Users\\Kelly\\OneDrive\\Desktop\\DevTools\\git\\demo-insurance-api\\demo-ui\\src\\context\\AuthContext.jsx": {"path":"C:\\Users\\Kelly\\OneDrive\\Desktop\\DevTools\\git\\demo-insurance-api\\demo-ui\\src\\context\\AuthContext.jsx","statementMap":{"0":{"start":{"line":5,"column":20},"end":{"line":5,"column":39}},"1":{"start":{"line":8,"column":28},"end":{"line":8,"column":73}},"2":{"start":{"line":8,"column":43},"end":{"line":8,"column":72}},"3":{"start":{"line":9,"column":26},"end":{"line":12,"column":4}},"4":{"start":{"line":10,"column":14},"end":{"line":10,"column":42}},"5":{"start":{"line":11,"column":4},"end":{"line":11,"column":35}},"6":{"start":{"line":14,"column":19},"end":{"line":19,"column":3}},"7":{"start":{"line":15,"column":4},"end":{"line":15,"column":38}},"8":{"start":{"line":16,"column":4},"end":{"line":16,"column":58}},"9":{"start":{"line":17,"column":4},"end":{"line":17,"column":17}},"10":{"start":{"line":18,"column":4},"end":{"line":18,"column":21}},"11":{"start":{"line":21,"column":17},"end":{"line":26,"column":3}},"12":{"start":{"line":22,"column":4},"end":{"line":22,"column":36}},"13":{"start":{"line":23,"column":4},"end":{"line":23,"column":35}},"14":{"start":{"line":24,"column":4},"end":{"line":24,"column":18}},"15":{"start":{"line":25,"column":4},"end":{"line":25,"column":17}},"16":{"start":{"line":28,"column":2},"end":{"line":32,"column":3}},"17":{"start":{"line":36,"column":2},"end":{"line":36,"column":32}}},"fnMap":{"0":{"name":"AuthProvider","decl":{"start":{"line":7,"column":16},"end":{"line":7,"column":28}},"loc":{"start":{"line":7,"column":43},"end":{"line":33,"column":1}},"line":7},"1":{"name":"(anonymous_1)","decl":{"start":{"line":8,"column":37},"end":{"line":8,"column":38}},"loc":{"start":{"line":8,"column":43},"end":{"line":8,"column":72}},"line":8},"2":{"name":"(anonymous_2)","decl":{"start":{"line":9,"column":35},"end":{"line":9,"column":36}},"loc":{"start":{"line":9,"column":41},"end":{"line":12,"column":3}},"line":9},"3":{"name":"(anonymous_3)","decl":{"start":{"line":14,"column":19},"end":{"line":14,"column":20}},"loc":{"start":{"line":14,"column":38},"end":{"line":19,"column":3}},"line":14},"4":{"name":"(anonymous_4)","decl":{"start":{"line":21,"column":17},"end":{"line":21,"column":18}},"loc":{"start":{"line":21,"column":23},"end":{"line":26,"column":3}},"line":21},"5":{"name":"useAuth","decl":{"start":{"line":35,"column":16},"end":{"line":35,"column":23}},"loc":{"start":{"line":35,"column":26},"end":{"line":37,"column":1}},"line":35}},"branchMap":{"0":{"loc":{"start":{"line":11,"column":11},"end":{"line":11,"column":35}},"type":"cond-expr","locations":[{"start":{"line":11,"column":15},"end":{"line":11,"column":28}},{"start":{"line":11,"column":31},"end":{"line":11,"column":35}}],"line":11}},"s":{"0":1,"1":6,"2":6,"3":6,"4":6,"5":6,"6":6,"7":0,"8":0,"9":0,"10":0,"11":6,"12":0,"13":0,"14":0,"15":0,"16":6,"17":14},"f":{"0":6,"1":6,"2":6,"3":0,"4":0,"5":14},"b":{"0":[6,0]},"_coverageSchema":"1a1c01bbd47fc00a2c39e90264f33305004495a9","hash":"81134f8bd6c659ead6ff6ca24921564488633d2e"}
,"C:\\Users\\Kelly\\OneDrive\\Desktop\\DevTools\\git\\demo-insurance-api\\demo-ui\\src\\pages\\Accounts.jsx": {"path":"C:\\Users\\Kelly\\OneDrive\\Desktop\\DevTools\\git\\demo-insurance-api\\demo-ui\\src\\pages\\Accounts.jsx","statementMap":{"0":{"start":{"line":6,"column":22},"end":{"line":6,"column":38}},"1":{"start":{"line":7,"column":36},"end":{"line":7,"column":50}},"2":{"start":{"line":8,"column":34},"end":{"line":8,"column":46}},"3":{"start":{"line":9,"column":28},"end":{"line":9,"column":40}},"4":{"start":{"line":10,"column":32},"end":{"line":10,"column":44}},"5":{"start":{"line":12,"column":40},"end":{"line":15,"column":4}},"6":{"start":{"line":14,"column":25},"end":{"line":14,"column":51}},"7":{"start":{"line":17,"column":25},"end":{"line":29,"column":4}},"8":{"start":{"line":18,"column":34},"end":{"line":18,"column":57}},"9":{"start":{"line":20,"column":6},"end":{"line":20,"column":49}},"10":{"start":{"line":21,"column":6},"end":{"line":21,"column":48}},"11":{"start":{"line":22,"column":6},"end":{"line":22,"column":24}},"12":{"start":{"line":23,"column":6},"end":{"line":23,"column":44}},"13":{"start":{"line":23,"column":23},"end":{"line":23,"column":37}},"14":{"start":{"line":26,"column":19},"end":{"line":26,"column":37}},"15":{"start":{"line":27,"column":6},"end":{"line":27,"column":108}},"16":{"start":{"line":31,"column":25},"end":{"line":39,"column":4}},"17":{"start":{"line":34,"column":6},"end":{"line":34,"column":49}},"18":{"start":{"line":35,"column":6},"end":{"line":35,"column":48}},"19":{"start":{"line":36,"column":6},"end":{"line":36,"column":44}},"20":{"start":{"line":36,"column":23},"end":{"line":36,"column":37}},"21":{"start":{"line":38,"column":19},"end":{"line":38,"column":55}},"22":{"start":{"line":41,"column":21},"end":{"line":52,"column":3}},"23":{"start":{"line":42,"column":4},"end":{"line":42,"column":28}},"24":{"start":{"line":43,"column":4},"end":{"line":50,"column":6}},"25":{"start":{"line":51,"column":4},"end":{"line":51,"column":16}},"26":{"start":{"line":54,"column":23},"end":{"line":56,"column":3}},"27":{"start":{"line":55,"column":4},"end":{"line":55,"column":49}},"28":{"start":{"line":58,"column":23},"end":{"line":61,"column":3}},"29":{"start":{"line":59,"column":4},"end":{"line":59,"column":48}},"30":{"start":{"line":59,"column":42},"end":{"line":59,"column":48}},"31":{"start":{"line":60,"column":4},"end":{"line":60,"column":29}},"32":{"start":{"line":63,"column":2},"end":{"line":63,"column":62}},"33":{"start":{"line":63,"column":17},"end":{"line":63,"column":62}},"34":{"start":{"line":65,"column":2},"end":{"line":120,"column":3}},"35":{"start":{"line":73,"column":10},"end":{"line":115,"column":16}},"36":{"start":{"line":79,"column":35},"end":{"line":79,"column":90}},"37":{"start":{"line":84,"column":35},"end":{"line":84,"column":89}},"38":{"start":{"line":90,"column":35},"end":{"line":90,"column":86}},"39":{"start":{"line":95,"column":35},"end":{"line":95,"column":92}},"40":{"start":{"line":98,"column":60},"end":{"line":98,"column":80}},"41":{"start":{"line":99,"column":60},"end":{"line":99,"column":78}},"42":{"start":{"line":110,"column":60},"end":{"line":110,"column":75}},"43":{"start":{"line":111,"column":67},"end":{"line":111,"column":87}}},"fnMap":{"0":{"name":"Accounts","decl":{"start":{"line":5,"column":24},"end":{"line":5,"column":32}},"loc":{"start":{"line":5,"column":35},"end":{"line":121,"column":1}},"line":5},"1":{"name":"(anonymous_1)","decl":{"start":{"line":14,"column":13},"end":{"line":14,"column":14}},"loc":{"start":{"line":14,"column":25},"end":{"line":14,"column":51}},"line":14},"2":{"name":"(anonymous_2)","decl":{"start":{"line":18,"column":16},"end":{"line":18,"column":17}},"loc":{"start":{"line":18,"column":34},"end":{"line":18,"column":57}},"line":18},"3":{"name":"(anonymous_3)","decl":{"start":{"line":19,"column":15},"end":{"line":19,"column":16}},"loc":{"start":{"line":19,"column":21},"end":{"line":24,"column":5}},"line":19},"4":{"name":"(anonymous_4)","decl":{"start":{"line":23,"column":17},"end":{"line":23,"column":18}},"loc":{"start":{"line":23,"column":23},"end":{"line":23,"column":37}},"line":23},"5":{"name":"(anonymous_5)","decl":{"start":{"line":25,"column":13},"end":{"line":25,"column":14}},"loc":{"start":{"line":25,"column":22},"end":{"line":28,"column":5}},"line":25},"6":{"name":"(anonymous_6)","decl":{"start":{"line":33,"column":15},"end":{"line":33,"column":16}},"loc":{"start":{"line":33,"column":21},"end":{"line":37,"column":5}},"line":33},"7":{"name":"(anonymous_7)","decl":{"start":{"line":36,"column":17},"end":{"line":36,"column":18}},"loc":{"start":{"line":36,"column":23},"end":{"line":36,"column":37}},"line":36},"8":{"name":"(anonymous_8)","decl":{"start":{"line":38,"column":13},"end":{"line":38,"column":14}},"loc":{"start":{"line":38,"column":19},"end":{"line":38,"column":55}},"line":38},"9":{"name":"(anonymous_9)","decl":{"start":{"line":41,"column":21},"end":{"line":41,"column":22}},"loc":{"start":{"line":41,"column":34},"end":{"line":52,"column":3}},"line":41},"10":{"name":"(anonymous_10)","decl":{"start":{"line":54,"column":23},"end":{"line":54,"column":24}},"loc":{"start":{"line":54,"column":31},"end":{"line":56,"column":3}},"line":54},"11":{"name":"(anonymous_11)","decl":{"start":{"line":58,"column":23},"end":{"line":58,"column":24}},"loc":{"start":{"line":58,"column":31},"end":{"line":61,"column":3}},"line":58},"12":{"name":"(anonymous_12)","decl":{"start":{"line":72,"column":23},"end":{"line":72,"column":24}},"loc":{"start":{"line":73,"column":10},"end":{"line":115,"column":16}},"line":73},"13":{"name":"(anonymous_13)","decl":{"start":{"line":79,"column":28},"end":{"line":79,"column":29}},"loc":{"start":{"line":79,"column":35},"end":{"line":79,"column":90}},"line":79},"14":{"name":"(anonymous_14)","decl":{"start":{"line":84,"column":28},"end":{"line":84,"column":29}},"loc":{"start":{"line":84,"column":35},"end":{"line":84,"column":89}},"line":84},"15":{"name":"(anonymous_15)","decl":{"start":{"line":90,"column":28},"end":{"line":90,"column":29}},"loc":{"start":{"line":90,"column":35},"end":{"line":90,"column":86}},"line":90},"16":{"name":"(anonymous_16)","decl":{"start":{"line":95,"column":28},"end":{"line":95,"column":29}},"loc":{"start":{"line":95,"column":35},"end":{"line":95,"column":92}},"line":95},"17":{"name":"(anonymous_17)","decl":{"start":{"line":98,"column":54},"end":{"line":98,"column":55}},"loc":{"start":{"line":98,"column":60},"end":{"line":98,"column":80}},"line":98},"18":{"name":"(anonymous_18)","decl":{"start":{"line":99,"column":54},"end":{"line":99,"column":55}},"loc":{"start":{"line":99,"column":60},"end":{"line":99,"column":78}},"line":99},"19":{"name":"(anonymous_19)","decl":{"start":{"line":110,"column":54},"end":{"line":110,"column":55}},"loc":{"start":{"line":110,"column":60},"end":{"line":110,"column":75}},"line":110},"20":{"name":"(anonymous_20)","decl":{"start":{"line":111,"column":61},"end":{"line":111,"column":62}},"loc":{"start":{"line":111,"column":67},"end":{"line":111,"column":87}},"line":111}},"branchMap":{"0":{"loc":{"start":{"line":27,"column":15},"end":{"line":27,"column":107}},"type":"cond-expr","locations":[{"start":{"line":27,"column":42},"end":{"line":27,"column":72}},{"start":{"line":27,"column":75},"end":{"line":27,"column":107}}],"line":27},"1":{"loc":{"start":{"line":27,"column":75},"end":{"line":27,"column":107}},"type":"binary-expr","locations":[{"start":{"line":27,"column":75},"end":{"line":27,"column":88}},{"start":{"line":27,"column":92},"end":{"line":27,"column":107}}],"line":27},"2":{"loc":{"start":{"line":48,"column":13},"end":{"line":48,"column":32}},"type":"binary-expr","locations":[{"start":{"line":48,"column":13},"end":{"line":48,"column":26}},{"start":{"line":48,"column":30},"end":{"line":48,"column":32}}],"line":48},"3":{"loc":{"start":{"line":59,"column":4},"end":{"line":59,"column":48}},"type":"if","locations":[{"start":{"line":59,"column":4},"end":{"line":59,"column":48}},{"start":{},"end":{}}],"line":59},"4":{"loc":{"start":{"line":63,"column":2},"end":{"line":63,"column":62}},"type":"if","locations":[{"start":{"line":63,"column":2},"end":{"line":63,"column":62}},{"start":{},"end":{}}],"line":63},"5":{"loc":{"start":{"line":68,"column":7},"end":{"line":68,"column":48}},"type":"binary-expr","locations":[{"start":{"line":68,"column":7},"end":{"line":68,"column":12}},{"start":{"line":68,"column":16},"end":{"line":68,"column":48}}],"line":68},"6":{"loc":{"start":{"line":69,"column":7},"end":{"line":69,"column":54}},"type":"binary-expr","locations":[{"start":{"line":69,"column":7},"end":{"line":69,"column":14}},{"start":{"line":69,"column":18},"end":{"line":69,"column":54}}],"line":69},"7":{"loc":{"start":{"line":74,"column":13},"end":{"line":114,"column":13}},"type":"cond-expr","locations":[{"start":{"line":75,"column":14},"end":{"line":101,"column":20}},{"start":{"line":103,"column":14},"end":{"line":113,"column":17}}],"line":74},"8":{"loc":{"start":{"line":105,"column":17},"end":{"line":105,"column":116}},"type":"binary-expr","locations":[{"start":{"line":105,"column":17},"end":{"line":105,"column":26}},{"start":{"line":105,"column":30},"end":{"line":105,"column":116}}],"line":105},"9":{"loc":{"start":{"line":117,"column":9},"end":{"line":117,"column":86}},"type":"binary-expr","locations":[{"start":{"line":117,"column":9},"end":{"line":117,"column":31}},{"start":{"line":117,"column":35},"end":{"line":117,"column":86}}],"line":117}},"s":{"0":0,"1":0,"2":0,"3":0,"4":0,"5":0,"6":0,"7":0,"8":0,"9":0,"10":0,"11":0,"12":0,"13":0,"14":0,"15":0,"16":0,"17":0,"18":0,"19":0,"20":0,"21":0,"22":0,"23":0,"24":0,"25":0,"26":0,"27":0,"28":0,"29":0,"30":0,"31":0,"32":0,"33":0,"34":0,"35":0,"36":0,"37":0,"38":0,"39":0,"40":0,"41":0,"42":0,"43":0},"f":{"0":0,"1":0,"2":0,"3":0,"4":0,"5":0,"6":0,"7":0,"8":0,"9":0,"10":0,"11":0,"12":0,"13":0,"14":0,"15":0,"16":0,"17":0,"18":0,"19":0,"20":0},"b":{"0":[0,0],"1":[0,0],"2":[0,0],"3":[0,0],"4":[0,0],"5":[0,0],"6":[0,0],"7":[0,0],"8":[0,0],"9":[0,0]}}
,"C:\\Users\\Kelly\\OneDrive\\Desktop\\DevTools\\git\\demo-insurance-api\\demo-ui\\src\\pages\\Claims.jsx": {"path":"C:\\Users\\Kelly\\OneDrive\\Desktop\\DevTools\\git\\demo-insurance-api\\demo-ui\\src\\pages\\Claims.jsx","statementMap":{"0":{"start":{"line":4,"column":17},"end":{"line":4,"column":67}},"1":{"start":{"line":5,"column":14},"end":{"line":5,"column":105}},"2":{"start":{"line":8,"column":30},"end":{"line":8,"column":42}},"3":{"start":{"line":9,"column":34},"end":{"line":9,"column":46}},"4":{"start":{"line":10,"column":26},"end":{"line":10,"column":41}},"5":{"start":{"line":11,"column":28},"end":{"line":11,"column":40}},"6":{"start":{"line":12,"column":32},"end":{"line":12,"column":44}},"7":{"start":{"line":13,"column":34},"end":{"line":13,"column":49}},"8":{"start":{"line":15,"column":15},"end":{"line":20,"column":3}},"9":{"start":{"line":16,"column":4},"end":{"line":19,"column":47}},"10":{"start":{"line":17,"column":21},"end":{"line":17,"column":68}},"11":{"start":{"line":18,"column":6},"end":{"line":18,"column":24}},"12":{"start":{"line":18,"column":25},"end":{"line":18,"column":44}},"13":{"start":{"line":19,"column":14},"end":{"line":19,"column":45}},"14":{"start":{"line":22,"column":2},"end":{"line":22,"column":33}},"15":{"start":{"line":22,"column":20},"end":{"line":22,"column":26}},"16":{"start":{"line":24,"column":14},"end":{"line":24,"column":73}},"17":{"start":{"line":24,"column":21},"end":{"line":24,"column":73}},"18":{"start":{"line":24,"column":28},"end":{"line":24,"column":73}},"19":{"start":{"line":24,"column":42},"end":{"line":24,"column":71}},"20":{"start":{"line":26,"column":23},"end":{"line":36,"column":3}},"21":{"start":{"line":27,"column":4},"end":{"line":27,"column":23}},"22":{"start":{"line":27,"column":24},"end":{"line":27,"column":37}},"23":{"start":{"line":27,"column":38},"end":{"line":27,"column":52}},"24":{"start":{"line":28,"column":39},"end":{"line":28,"column":43}},"25":{"start":{"line":29,"column":4},"end":{"line":35,"column":5}},"26":{"start":{"line":30,"column":6},"end":{"line":30,"column":44}},"27":{"start":{"line":31,"column":6},"end":{"line":31,"column":36}},"28":{"start":{"line":31,"column":37},"end":{"line":31,"column":52}},"29":{"start":{"line":31,"column":53},"end":{"line":31,"column":72}},"30":{"start":{"line":31,"column":73},"end":{"line":31,"column":79}},"31":{"start":{"line":33,"column":19},"end":{"line":33,"column":37}},"32":{"start":{"line":34,"column":6},"end":{"line":34,"column":101}},"33":{"start":{"line":38,"column":23},"end":{"line":42,"column":3}},"34":{"start":{"line":39,"column":4},"end":{"line":39,"column":46}},"35":{"start":{"line":39,"column":40},"end":{"line":39,"column":46}},"36":{"start":{"line":40,"column":4},"end":{"line":41,"column":42}},"37":{"start":{"line":40,"column":10},"end":{"line":40,"column":32}},"38":{"start":{"line":40,"column":33},"end":{"line":40,"column":75}},"39":{"start":{"line":40,"column":48},"end":{"line":40,"column":74}},"40":{"start":{"line":40,"column":62},"end":{"line":40,"column":73}},"41":{"start":{"line":41,"column":12},"end":{"line":41,"column":40}},"42":{"start":{"line":44,"column":2},"end":{"line":91,"column":3}},"43":{"start":{"line":48,"column":47},"end":{"line":48,"column":67}},"44":{"start":{"line":48,"column":64},"end":{"line":48,"column":66}},"45":{"start":{"line":57,"column":33},"end":{"line":57,"column":107}},"46":{"start":{"line":64,"column":33},"end":{"line":64,"column":71}},"47":{"start":{"line":76,"column":10},"end":{"line":86,"column":16}},"48":{"start":{"line":84,"column":63},"end":{"line":84,"column":81}}},"fnMap":{"0":{"name":"Claims","decl":{"start":{"line":7,"column":24},"end":{"line":7,"column":30}},"loc":{"start":{"line":7,"column":33},"end":{"line":92,"column":1}},"line":7},"1":{"name":"(anonymous_1)","decl":{"start":{"line":15,"column":15},"end":{"line":15,"column":16}},"loc":{"start":{"line":15,"column":27},"end":{"line":20,"column":3}},"line":15},"2":{"name":"(anonymous_2)","decl":{"start":{"line":22,"column":12},"end":{"line":22,"column":13}},"loc":{"start":{"line":22,"column":18},"end":{"line":22,"column":28}},"line":22},"3":{"name":"(anonymous_3)","decl":{"start":{"line":24,"column":14},"end":{"line":24,"column":15}},"loc":{"start":{"line":24,"column":21},"end":{"line":24,"column":73}},"line":24},"4":{"name":"(anonymous_4)","decl":{"start":{"line":24,"column":21},"end":{"line":24,"column":22}},"loc":{"start":{"line":24,"column":28},"end":{"line":24,"column":73}},"line":24},"5":{"name":"(anonymous_5)","decl":{"start":{"line":24,"column":36},"end":{"line":24,"column":37}},"loc":{"start":{"line":24,"column":42},"end":{"line":24,"column":71}},"line":24},"6":{"name":"(anonymous_6)","decl":{"start":{"line":26,"column":23},"end":{"line":26,"column":24}},"loc":{"start":{"line":26,"column":36},"end":{"line":36,"column":3}},"line":26},"7":{"name":"(anonymous_7)","decl":{"start":{"line":38,"column":23},"end":{"line":38,"column":24}},"loc":{"start":{"line":38,"column":37},"end":{"line":42,"column":3}},"line":38},"8":{"name":"(anonymous_8)","decl":{"start":{"line":40,"column":43},"end":{"line":40,"column":44}},"loc":{"start":{"line":40,"column":48},"end":{"line":40,"column":74}},"line":40},"9":{"name":"(anonymous_9)","decl":{"start":{"line":40,"column":57},"end":{"line":40,"column":58}},"loc":{"start":{"line":40,"column":62},"end":{"line":40,"column":73}},"line":40},"10":{"name":"(anonymous_10)","decl":{"start":{"line":48,"column":41},"end":{"line":48,"column":42}},"loc":{"start":{"line":48,"column":47},"end":{"line":48,"column":67}},"line":48},"11":{"name":"(anonymous_11)","decl":{"start":{"line":48,"column":59},"end":{"line":48,"column":60}},"loc":{"start":{"line":48,"column":64},"end":{"line":48,"column":66}},"line":48},"12":{"name":"(anonymous_12)","decl":{"start":{"line":57,"column":28},"end":{"line":57,"column":29}},"loc":{"start":{"line":57,"column":33},"end":{"line":57,"column":107}},"line":57},"13":{"name":"(anonymous_13)","decl":{"start":{"line":64,"column":28},"end":{"line":64,"column":29}},"loc":{"start":{"line":64,"column":33},"end":{"line":64,"column":71}},"line":64},"14":{"name":"(anonymous_14)","decl":{"start":{"line":75,"column":20},"end":{"line":75,"column":21}},"loc":{"start":{"line":76,"column":10},"end":{"line":86,"column":16}},"line":76},"15":{"name":"(anonymous_15)","decl":{"start":{"line":84,"column":57},"end":{"line":84,"column":58}},"loc":{"start":{"line":84,"column":63},"end":{"line":84,"column":81}},"line":84}},"branchMap":{"0":{"loc":{"start":{"line":34,"column":15},"end":{"line":34,"column":100}},"type":"cond-expr","locations":[{"start":{"line":34,"column":42},"end":{"line":34,"column":72}},{"start":{"line":34,"column":75},"end":{"line":34,"column":100}}],"line":34},"1":{"loc":{"start":{"line":34,"column":75},"end":{"line":34,"column":100}},"type":"binary-expr","locations":[{"start":{"line":34,"column":75},"end":{"line":34,"column":88}},{"start":{"line":34,"column":92},"end":{"line":34,"column":100}}],"line":34},"2":{"loc":{"start":{"line":39,"column":4},"end":{"line":39,"column":46}},"type":"if","locations":[{"start":{"line":39,"column":4},"end":{"line":39,"column":46}},{"start":{},"end":{}}],"line":39},"3":{"loc":{"start":{"line":48,"column":70},"end":{"line":48,"column":105}},"type":"cond-expr","locations":[{"start":{"line":48,"column":81},"end":{"line":48,"column":89}},{"start":{"line":48,"column":92},"end":{"line":48,"column":105}}],"line":48},"4":{"loc":{"start":{"line":51,"column":7},"end":{"line":71,"column":7}},"type":"binary-expr","locations":[{"start":{"line":51,"column":7},"end":{"line":51,"column":15}},{"start":{"line":52,"column":8},"end":{"line":70,"column":14}}],"line":51},"5":{"loc":{"start":{"line":66,"column":13},"end":{"line":66,"column":54}},"type":"binary-expr","locations":[{"start":{"line":66,"column":13},"end":{"line":66,"column":18}},{"start":{"line":66,"column":22},"end":{"line":66,"column":54}}],"line":66},"6":{"loc":{"start":{"line":67,"column":13},"end":{"line":67,"column":60}},"type":"binary-expr","locations":[{"start":{"line":67,"column":13},"end":{"line":67,"column":20}},{"start":{"line":67,"column":24},"end":{"line":67,"column":60}}],"line":67},"7":{"loc":{"start":{"line":73,"column":7},"end":{"line":73,"column":61}},"type":"binary-expr","locations":[{"start":{"line":73,"column":7},"end":{"line":73,"column":12}},{"start":{"line":73,"column":16},"end":{"line":73,"column":25}},{"start":{"line":73,"column":29},"end":{"line":73,"column":61}}],"line":73},"8":{"loc":{"start":{"line":88,"column":9},"end":{"line":88,"column":81}},"type":"binary-expr","locations":[{"start":{"line":88,"column":9},"end":{"line":88,"column":28}},{"start":{"line":88,"column":32},"end":{"line":88,"column":81}}],"line":88}},"s":{"0":0,"1":0,"2":0,"3":0,"4":0,"5":0,"6":0,"7":0,"8":0,"9":0,"10":0,"11":0,"12":0,"13":0,"14":0,"15":0,"16":0,"17":0,"18":0,"19":0,"20":0,"21":0,"22":0,"23":0,"24":0,"25":0,"26":0,"27":0,"28":0,"29":0,"30":0,"31":0,"32":0,"33":0,"34":0,"35":0,"36":0,"37":0,"38":0,"39":0,"40":0,"41":0,"42":0,"43":0,"44":0,"45":0,"46":0,"47":0,"48":0},"f":{"0":0,"1":0,"2":0,"3":0,"4":0,"5":0,"6":0,"7":0,"8":0,"9":0,"10":0,"11":0,"12":0,"13":0,"14":0,"15":0},"b":{"0":[0,0],"1":[0,0],"2":[0,0],"3":[0,0],"4":[0,0],"5":[0,0],"6":[0,0],"7":[0,0,0],"8":[0,0]}}
,"C:\\Users\\Kelly\\OneDrive\\Desktop\\DevTools\\git\\demo-insurance-api\\demo-ui\\src\\pages\\CoverageCalculator.jsx": {"path":"C:\\Users\\Kelly\\OneDrive\\Desktop\\DevTools\\git\\demo-insurance-api\\demo-ui\\src\\pages\\CoverageCalculator.jsx","statementMap":{"0":{"start":{"line":7,"column":19},"end":{"line":7,"column":28}},"1":{"start":{"line":8,"column":48},"end":{"line":8,"column":60}},"2":{"start":{"line":9,"column":42},"end":{"line":9,"column":54}},"3":{"start":{"line":10,"column":30},"end":{"line":10,"column":44}},"4":{"start":{"line":11,"column":28},"end":{"line":11,"column":40}},"5":{"start":{"line":13,"column":29},"end":{"line":22,"column":4}},"6":{"start":{"line":16,"column":6},"end":{"line":18,"column":7}},"7":{"start":{"line":17,"column":8},"end":{"line":17,"column":41}},"8":{"start":{"line":19,"column":6},"end":{"line":19,"column":15}},"9":{"start":{"line":24,"column":26},"end":{"line":27,"column":4}},"10":{"start":{"line":26,"column":25},"end":{"line":26,"column":48}},"11":{"start":{"line":29,"column":26},"end":{"line":46,"column":3}},"12":{"start":{"line":30,"column":4},"end":{"line":30,"column":16}},"13":{"start":{"line":31,"column":4},"end":{"line":31,"column":19}},"14":{"start":{"line":33,"column":22},"end":{"line":33,"column":62}},"15":{"start":{"line":35,"column":4},"end":{"line":38,"column":5}},"16":{"start":{"line":36,"column":6},"end":{"line":36,"column":51}},"17":{"start":{"line":37,"column":6},"end":{"line":37,"column":12}},"18":{"start":{"line":40,"column":4},"end":{"line":45,"column":5}},"19":{"start":{"line":41,"column":18},"end":{"line":41,"column":66}},"20":{"start":{"line":42,"column":6},"end":{"line":42,"column":25}},"21":{"start":{"line":44,"column":6},"end":{"line":44,"column":77}},"22":{"start":{"line":48,"column":23},"end":{"line":56,"column":3}},"23":{"start":{"line":49,"column":4},"end":{"line":55,"column":5}},"24":{"start":{"line":50,"column":19},"end":{"line":50,"column":35}},"25":{"start":{"line":51,"column":21},"end":{"line":51,"column":37}},"26":{"start":{"line":52,"column":18},"end":{"line":52,"column":34}},"27":{"start":{"line":53,"column":23},"end":{"line":53,"column":39}},"28":{"start":{"line":54,"column":15},"end":{"line":54,"column":31}},"29":{"start":{"line":58,"column":2},"end":{"line":160,"column":3}},"30":{"start":{"line":73,"column":63},"end":{"line":73,"column":97}},"31":{"start":{"line":76,"column":18},"end":{"line":78,"column":27}},"32":{"start":{"line":94,"column":58},"end":{"line":94,"column":89}},"33":{"start":{"line":97,"column":16},"end":{"line":99,"column":25}}},"fnMap":{"0":{"name":"CoverageCalculator","decl":{"start":{"line":6,"column":24},"end":{"line":6,"column":42}},"loc":{"start":{"line":6,"column":45},"end":{"line":161,"column":1}},"line":6},"1":{"name":"(anonymous_1)","decl":{"start":{"line":15,"column":13},"end":{"line":15,"column":14}},"loc":{"start":{"line":15,"column":25},"end":{"line":20,"column":5}},"line":15},"2":{"name":"(anonymous_2)","decl":{"start":{"line":26,"column":13},"end":{"line":26,"column":14}},"loc":{"start":{"line":26,"column":25},"end":{"line":26,"column":48}},"line":26},"3":{"name":"(anonymous_3)","decl":{"start":{"line":29,"column":26},"end":{"line":29,"column":27}},"loc":{"start":{"line":29,"column":38},"end":{"line":46,"column":3}},"line":29},"4":{"name":"(anonymous_4)","decl":{"start":{"line":48,"column":23},"end":{"line":48,"column":24}},"loc":{"start":{"line":48,"column":34},"end":{"line":56,"column":3}},"line":48},"5":{"name":"(anonymous_5)","decl":{"start":{"line":73,"column":56},"end":{"line":73,"column":57}},"loc":{"start":{"line":73,"column":63},"end":{"line":73,"column":97}},"line":73},"6":{"name":"(anonymous_6)","decl":{"start":{"line":75,"column":31},"end":{"line":75,"column":32}},"loc":{"start":{"line":76,"column":18},"end":{"line":78,"column":27}},"line":76},"7":{"name":"(anonymous_7)","decl":{"start":{"line":94,"column":51},"end":{"line":94,"column":52}},"loc":{"start":{"line":94,"column":58},"end":{"line":94,"column":89}},"line":94},"8":{"name":"(anonymous_8)","decl":{"start":{"line":96,"column":26},"end":{"line":96,"column":27}},"loc":{"start":{"line":97,"column":16},"end":{"line":99,"column":25}},"line":97}},"branchMap":{"0":{"loc":{"start":{"line":16,"column":6},"end":{"line":18,"column":7}},"type":"if","locations":[{"start":{"line":16,"column":6},"end":{"line":18,"column":7}},{"start":{},"end":{}}],"line":16},"1":{"loc":{"start":{"line":33,"column":22},"end":{"line":33,"column":62}},"type":"cond-expr","locations":[{"start":{"line":33,"column":36},"end":{"line":33,"column":51}},{"start":{"line":33,"column":54},"end":{"line":33,"column":62}}],"line":33},"2":{"loc":{"start":{"line":35,"column":4},"end":{"line":38,"column":5}},"type":"if","locations":[{"start":{"line":35,"column":4},"end":{"line":38,"column":5}},{"start":{},"end":{}}],"line":35},"3":{"loc":{"start":{"line":35,"column":8},"end":{"line":35,"column":35}},"type":"binary-expr","locations":[{"start":{"line":35,"column":8},"end":{"line":35,"column":18}},{"start":{"line":35,"column":22},"end":{"line":35,"column":35}}],"line":35},"4":{"loc":{"start":{"line":44,"column":15},"end":{"line":44,"column":76}},"type":"binary-expr","locations":[{"start":{"line":44,"column":15},"end":{"line":44,"column":42}},{"start":{"line":44,"column":46},"end":{"line":44,"column":76}}],"line":44},"5":{"loc":{"start":{"line":49,"column":4},"end":{"line":55,"column":5}},"type":"switch","locations":[{"start":{"line":50,"column":6},"end":{"line":50,"column":35}},{"start":{"line":51,"column":6},"end":{"line":51,"column":37}},{"start":{"line":52,"column":6},"end":{"line":52,"column":34}},{"start":{"line":53,"column":6},"end":{"line":53,"column":39}},{"start":{"line":54,"column":6},"end":{"line":54,"column":31}}],"line":49},"6":{"loc":{"start":{"line":68,"column":11},"end":{"line":82,"column":11}},"type":"binary-expr","locations":[{"start":{"line":68,"column":11},"end":{"line":68,"column":22}},{"start":{"line":69,"column":12},"end":{"line":81,"column":18}}],"line":68},"7":{"loc":{"start":{"line":84,"column":11},"end":{"line":88,"column":11}},"type":"binary-expr","locations":[{"start":{"line":84,"column":11},"end":{"line":84,"column":23}},{"start":{"line":85,"column":12},"end":{"line":87,"column":18}}],"line":84},"8":{"loc":{"start":{"line":104,"column":11},"end":{"line":104,"column":52}},"type":"binary-expr","locations":[{"start":{"line":104,"column":11},"end":{"line":104,"column":16}},{"start":{"line":104,"column":20},"end":{"line":104,"column":52}}],"line":104},"9":{"loc":{"start":{"line":112,"column":7},"end":{"line":158,"column":7}},"type":"binary-expr","locations":[{"start":{"line":112,"column":7},"end":{"line":112,"column":13}},{"start":{"line":113,"column":8},"end":{"line":157,"column":14}}],"line":112}},"s":{"0":14,"1":13,"2":13,"3":13,"4":13,"5":13,"6":1,"7":1,"8":0,"9":13,"10":6,"11":13,"12":3,"13":3,"14":3,"15":3,"16":1,"17":1,"18":2,"19":2,"20":1,"21":1,"22":13,"23":1,"24":0,"25":1,"26":0,"27":0,"28":0,"29":13,"30":0,"31":0,"32":2,"33":24},"f":{"0":14,"1":1,"2":6,"3":3,"4":1,"5":0,"6":0,"7":2,"8":24},"b":{"0":[1,0],"1":[0,3],"2":[1,2],"3":[3,3],"4":[1,0],"5":[0,1,0,0,0],"6":[13,1],"7":[13,12],"8":[13,2],"9":[13,1]},"_coverageSchema":"1a1c01bbd47fc00a2c39e90264f33305004495a9","hash":"26c48d082b0a5cfdc90757bc4d7eaf5443c32003"}
,"C:\\Users\\Kelly\\OneDrive\\Desktop\\DevTools\\git\\demo-insurance-api\\demo-ui\\src\\pages\\Home.jsx": {"path":"C:\\Users\\Kelly\\OneDrive\\Desktop\\DevTools\\git\\demo-insurance-api\\demo-ui\\src\\pages\\Home.jsx","statementMap":{"0":{"start":{"line":5,"column":25},"end":{"line":5,"column":34}},"1":{"start":{"line":7,"column":2},"end":{"line":60,"column":3}}},"fnMap":{"0":{"name":"Home","decl":{"start":{"line":4,"column":24},"end":{"line":4,"column":28}},"loc":{"start":{"line":4,"column":31},"end":{"line":61,"column":1}},"line":4}},"branchMap":{"0":{"loc":{"start":{"line":14,"column":13},"end":{"line":24,"column":13}},"type":"cond-expr","locations":[{"start":{"line":15,"column":14},"end":{"line":18,"column":17}},{"start":{"line":20,"column":14},"end":{"line":23,"column":17}}],"line":14},"1":{"loc":{"start":{"line":57,"column":9},"end":{"line":57,"column":90}},"type":"binary-expr","locations":[{"start":{"line":57,"column":9},"end":{"line":57,"column":20}},{"start":{"line":57,"column":24},"end":{"line":57,"column":90}}],"line":57}},"s":{"0":0,"1":0},"f":{"0":0},"b":{"0":[0,0],"1":[0,0]}}
,"C:\\Users\\Kelly\\OneDrive\\Desktop\\DevTools\\git\\demo-insurance-api\\demo-ui\\src\\pages\\Lines.jsx": {"path":"C:\\Users\\Kelly\\OneDrive\\Desktop\\DevTools\\git\\demo-insurance-api\\demo-ui\\src\\pages\\Lines.jsx","statementMap":{"0":{"start":{"line":4,"column":14},"end":{"line":4,"column":77}},"1":{"start":{"line":7,"column":28},"end":{"line":7,"column":40}},"2":{"start":{"line":8,"column":26},"end":{"line":8,"column":41}},"3":{"start":{"line":9,"column":28},"end":{"line":9,"column":40}},"4":{"start":{"line":10,"column":32},"end":{"line":10,"column":44}},"5":{"start":{"line":11,"column":34},"end":{"line":11,"column":49}},"6":{"start":{"line":13,"column":15},"end":{"line":16,"column":3}},"7":{"start":{"line":14,"column":4},"end":{"line":15,"column":46}},"8":{"start":{"line":14,"column":10},"end":{"line":14,"column":43}},"9":{"start":{"line":15,"column":12},"end":{"line":15,"column":44}},"10":{"start":{"line":18,"column":2},"end":{"line":18,"column":33}},"11":{"start":{"line":18,"column":20},"end":{"line":18,"column":26}},"12":{"start":{"line":20,"column":14},"end":{"line":20,"column":73}},"13":{"start":{"line":20,"column":21},"end":{"line":20,"column":73}},"14":{"start":{"line":20,"column":28},"end":{"line":20,"column":73}},"15":{"start":{"line":20,"column":42},"end":{"line":20,"column":71}},"16":{"start":{"line":22,"column":23},"end":{"line":31,"column":3}},"17":{"start":{"line":23,"column":4},"end":{"line":23,"column":23}},"18":{"start":{"line":23,"column":24},"end":{"line":23,"column":37}},"19":{"start":{"line":23,"column":38},"end":{"line":23,"column":52}},"20":{"start":{"line":24,"column":4},"end":{"line":30,"column":5}},"21":{"start":{"line":25,"column":6},"end":{"line":25,"column":28}},"22":{"start":{"line":26,"column":6},"end":{"line":26,"column":33}},"23":{"start":{"line":26,"column":34},"end":{"line":26,"column":49}},"24":{"start":{"line":26,"column":50},"end":{"line":26,"column":69}},"25":{"start":{"line":26,"column":70},"end":{"line":26,"column":76}},"26":{"start":{"line":28,"column":19},"end":{"line":28,"column":37}},"27":{"start":{"line":29,"column":6},"end":{"line":29,"column":101}},"28":{"start":{"line":33,"column":23},"end":{"line":37,"column":3}},"29":{"start":{"line":34,"column":4},"end":{"line":34,"column":45}},"30":{"start":{"line":34,"column":39},"end":{"line":34,"column":45}},"31":{"start":{"line":35,"column":4},"end":{"line":36,"column":42}},"32":{"start":{"line":35,"column":10},"end":{"line":35,"column":31}},"33":{"start":{"line":35,"column":32},"end":{"line":35,"column":73}},"34":{"start":{"line":35,"column":46},"end":{"line":35,"column":72}},"35":{"start":{"line":35,"column":60},"end":{"line":35,"column":71}},"36":{"start":{"line":36,"column":12},"end":{"line":36,"column":40}},"37":{"start":{"line":39,"column":2},"end":{"line":76,"column":3}},"38":{"start":{"line":43,"column":47},"end":{"line":43,"column":67}},"39":{"start":{"line":43,"column":64},"end":{"line":43,"column":66}},"40":{"start":{"line":64,"column":10},"end":{"line":71,"column":16}},"41":{"start":{"line":69,"column":63},"end":{"line":69,"column":81}}},"fnMap":{"0":{"name":"Lines","decl":{"start":{"line":6,"column":24},"end":{"line":6,"column":29}},"loc":{"start":{"line":6,"column":32},"end":{"line":77,"column":1}},"line":6},"1":{"name":"(anonymous_1)","decl":{"start":{"line":13,"column":15},"end":{"line":13,"column":16}},"loc":{"start":{"line":13,"column":27},"end":{"line":16,"column":3}},"line":13},"2":{"name":"(anonymous_2)","decl":{"start":{"line":18,"column":12},"end":{"line":18,"column":13}},"loc":{"start":{"line":18,"column":18},"end":{"line":18,"column":28}},"line":18},"3":{"name":"(anonymous_3)","decl":{"start":{"line":20,"column":14},"end":{"line":20,"column":15}},"loc":{"start":{"line":20,"column":21},"end":{"line":20,"column":73}},"line":20},"4":{"name":"(anonymous_4)","decl":{"start":{"line":20,"column":21},"end":{"line":20,"column":22}},"loc":{"start":{"line":20,"column":28},"end":{"line":20,"column":73}},"line":20},"5":{"name":"(anonymous_5)","decl":{"start":{"line":20,"column":36},"end":{"line":20,"column":37}},"loc":{"start":{"line":20,"column":42},"end":{"line":20,"column":71}},"line":20},"6":{"name":"(anonymous_6)","decl":{"start":{"line":22,"column":23},"end":{"line":22,"column":24}},"loc":{"start":{"line":22,"column":36},"end":{"line":31,"column":3}},"line":22},"7":{"name":"(anonymous_7)","decl":{"start":{"line":33,"column":23},"end":{"line":33,"column":24}},"loc":{"start":{"line":33,"column":37},"end":{"line":37,"column":3}},"line":33},"8":{"name":"(anonymous_8)","decl":{"start":{"line":35,"column":41},"end":{"line":35,"column":42}},"loc":{"start":{"line":35,"column":46},"end":{"line":35,"column":72}},"line":35},"9":{"name":"(anonymous_9)","decl":{"start":{"line":35,"column":55},"end":{"line":35,"column":56}},"loc":{"start":{"line":35,"column":60},"end":{"line":35,"column":71}},"line":35},"10":{"name":"(anonymous_10)","decl":{"start":{"line":43,"column":41},"end":{"line":43,"column":42}},"loc":{"start":{"line":43,"column":47},"end":{"line":43,"column":67}},"line":43},"11":{"name":"(anonymous_11)","decl":{"start":{"line":43,"column":59},"end":{"line":43,"column":60}},"loc":{"start":{"line":43,"column":64},"end":{"line":43,"column":66}},"line":43},"12":{"name":"(anonymous_12)","decl":{"start":{"line":63,"column":19},"end":{"line":63,"column":20}},"loc":{"start":{"line":64,"column":10},"end":{"line":71,"column":16}},"line":64},"13":{"name":"(anonymous_13)","decl":{"start":{"line":69,"column":57},"end":{"line":69,"column":58}},"loc":{"start":{"line":69,"column":63},"end":{"line":69,"column":81}},"line":69}},"branchMap":{"0":{"loc":{"start":{"line":29,"column":15},"end":{"line":29,"column":100}},"type":"cond-expr","locations":[{"start":{"line":29,"column":42},"end":{"line":29,"column":72}},{"start":{"line":29,"column":75},"end":{"line":29,"column":100}}],"line":29},"1":{"loc":{"start":{"line":29,"column":75},"end":{"line":29,"column":100}},"type":"binary-expr","locations":[{"start":{"line":29,"column":75},"end":{"line":29,"column":88}},{"start":{"line":29,"column":92},"end":{"line":29,"column":100}}],"line":29},"2":{"loc":{"start":{"line":34,"column":4},"end":{"line":34,"column":45}},"type":"if","locations":[{"start":{"line":34,"column":4},"end":{"line":34,"column":45}},{"start":{},"end":{}}],"line":34},"3":{"loc":{"start":{"line":43,"column":70},"end":{"line":43,"column":104}},"type":"cond-expr","locations":[{"start":{"line":43,"column":81},"end":{"line":43,"column":89}},{"start":{"line":43,"column":92},"end":{"line":43,"column":104}}],"line":43},"4":{"loc":{"start":{"line":46,"column":7},"end":{"line":59,"column":7}},"type":"binary-expr","locations":[{"start":{"line":46,"column":7},"end":{"line":46,"column":15}},{"start":{"line":47,"column":8},"end":{"line":58,"column":14}}],"line":46},"5":{"loc":{"start":{"line":54,"column":13},"end":{"line":54,"column":54}},"type":"binary-expr","locations":[{"start":{"line":54,"column":13},"end":{"line":54,"column":18}},{"start":{"line":54,"column":22},"end":{"line":54,"column":54}}],"line":54},"6":{"loc":{"start":{"line":55,"column":13},"end":{"line":55,"column":60}},"type":"binary-expr","locations":[{"start":{"line":55,"column":13},"end":{"line":55,"column":20}},{"start":{"line":55,"column":24},"end":{"line":55,"column":60}}],"line":55},"7":{"loc":{"start":{"line":61,"column":7},"end":{"line":61,"column":61}},"type":"binary-expr","locations":[{"start":{"line":61,"column":7},"end":{"line":61,"column":12}},{"start":{"line":61,"column":16},"end":{"line":61,"column":25}},{"start":{"line":61,"column":29},"end":{"line":61,"column":61}}],"line":61},"8":{"loc":{"start":{"line":73,"column":9},"end":{"line":73,"column":79}},"type":"binary-expr","locations":[{"start":{"line":73,"column":9},"end":{"line":73,"column":27}},{"start":{"line":73,"column":31},"end":{"line":73,"column":79}}],"line":73}},"s":{"0":0,"1":0,"2":0,"3":0,"4":0,"5":0,"6":0,"7":0,"8":0,"9":0,"10":0,"11":0,"12":0,"13":0,"14":0,"15":0,"16":0,"17":0,"18":0,"19":0,"20":0,"21":0,"22":0,"23":0,"24":0,"25":0,"26":0,"27":0,"28":0,"29":0,"30":0,"31":0,"32":0,"33":0,"34":0,"35":0,"36":0,"37":0,"38":0,"39":0,"40":0,"41":0},"f":{"0":0,"1":0,"2":0,"3":0,"4":0,"5":0,"6":0,"7":0,"8":0,"9":0,"10":0,"11":0,"12":0,"13":0},"b":{"0":[0,0],"1":[0,0],"2":[0,0],"3":[0,0],"4":[0,0],"5":[0,0],"6":[0,0],"7":[0,0,0],"8":[0,0]}}
,"C:\\Users\\Kelly\\OneDrive\\Desktop\\DevTools\\git\\demo-insurance-api\\demo-ui\\src\\pages\\Login.jsx": {"path":"C:\\Users\\Kelly\\OneDrive\\Desktop\\DevTools\\git\\demo-insurance-api\\demo-ui\\src\\pages\\Login.jsx","statementMap":{"0":{"start":{"line":7,"column":28},"end":{"line":7,"column":40}},"1":{"start":{"line":8,"column":34},"end":{"line":8,"column":46}},"2":{"start":{"line":9,"column":28},"end":{"line":9,"column":40}},"3":{"start":{"line":10,"column":23},"end":{"line":10,"column":32}},"4":{"start":{"line":11,"column":19},"end":{"line":11,"column":32}},"5":{"start":{"line":13,"column":23},"end":{"line":24,"column":3}},"6":{"start":{"line":14,"column":4},"end":{"line":14,"column":22}},"7":{"start":{"line":15,"column":4},"end":{"line":15,"column":16}},"8":{"start":{"line":16,"column":4},"end":{"line":23,"column":5}},"9":{"start":{"line":17,"column":18},"end":{"line":17,"column":46}},"10":{"start":{"line":18,"column":18},"end":{"line":18,"column":46}},"11":{"start":{"line":19,"column":6},"end":{"line":19,"column":29}},"12":{"start":{"line":20,"column":6},"end":{"line":20,"column":27}},"13":{"start":{"line":22,"column":6},"end":{"line":22,"column":68}},"14":{"start":{"line":26,"column":2},"end":{"line":41,"column":3}},"15":{"start":{"line":31,"column":79},"end":{"line":31,"column":103}},"16":{"start":{"line":32,"column":88},"end":{"line":32,"column":115}}},"fnMap":{"0":{"name":"Login","decl":{"start":{"line":6,"column":24},"end":{"line":6,"column":29}},"loc":{"start":{"line":6,"column":32},"end":{"line":42,"column":1}},"line":6},"1":{"name":"(anonymous_1)","decl":{"start":{"line":13,"column":23},"end":{"line":13,"column":24}},"loc":{"start":{"line":13,"column":36},"end":{"line":24,"column":3}},"line":13},"2":{"name":"(anonymous_2)","decl":{"start":{"line":31,"column":74},"end":{"line":31,"column":75}},"loc":{"start":{"line":31,"column":79},"end":{"line":31,"column":103}},"line":31},"3":{"name":"(anonymous_3)","decl":{"start":{"line":32,"column":83},"end":{"line":32,"column":84}},"loc":{"start":{"line":32,"column":88},"end":{"line":32,"column":115}},"line":32}},"branchMap":{"0":{"loc":{"start":{"line":22,"column":15},"end":{"line":22,"column":67}},"type":"binary-expr","locations":[{"start":{"line":22,"column":15},"end":{"line":22,"column":42}},{"start":{"line":22,"column":46},"end":{"line":22,"column":67}}],"line":22},"1":{"loc":{"start":{"line":33,"column":11},"end":{"line":33,"column":52}},"type":"binary-expr","locations":[{"start":{"line":33,"column":11},"end":{"line":33,"column":16}},{"start":{"line":33,"column":20},"end":{"line":33,"column":52}}],"line":33}},"s":{"0":0,"1":0,"2":0,"3":0,"4":0,"5":0,"6":0,"7":0,"8":0,"9":0,"10":0,"11":0,"12":0,"13":0,"14":0,"15":0,"16":0},"f":{"0":0,"1":0,"2":0,"3":0},"b":{"0":[0,0],"1":[0,0]}}
,"C:\\Users\\Kelly\\OneDrive\\Desktop\\DevTools\\git\\demo-insurance-api\\demo-ui\\src\\pages\\Policies.jsx": {"path":"C:\\Users\\Kelly\\OneDrive\\Desktop\\DevTools\\git\\demo-insurance-api\\demo-ui\\src\\pages\\Policies.jsx","statementMap":{"0":{"start":{"line":5,"column":14},"end":{"line":8,"column":1}},"1":{"start":{"line":11,"column":19},"end":{"line":11,"column":28}},"2":{"start":{"line":12,"column":34},"end":{"line":12,"column":46}},"3":{"start":{"line":13,"column":26},"end":{"line":13,"column":41}},"4":{"start":{"line":14,"column":28},"end":{"line":14,"column":40}},"5":{"start":{"line":15,"column":32},"end":{"line":15,"column":44}},"6":{"start":{"line":16,"column":34},"end":{"line":16,"column":49}},"7":{"start":{"line":18,"column":15},"end":{"line":21,"column":3}},"8":{"start":{"line":19,"column":4},"end":{"line":20,"column":49}},"9":{"start":{"line":19,"column":10},"end":{"line":19,"column":49}},"10":{"start":{"line":20,"column":12},"end":{"line":20,"column":47}},"11":{"start":{"line":23,"column":2},"end":{"line":23,"column":33}},"12":{"start":{"line":23,"column":20},"end":{"line":23,"column":26}},"13":{"start":{"line":25,"column":14},"end":{"line":25,"column":73}},"14":{"start":{"line":25,"column":21},"end":{"line":25,"column":73}},"15":{"start":{"line":25,"column":28},"end":{"line":25,"column":73}},"16":{"start":{"line":25,"column":42},"end":{"line":25,"column":71}},"17":{"start":{"line":27,"column":23},"end":{"line":36,"column":3}},"18":{"start":{"line":28,"column":4},"end":{"line":28,"column":23}},"19":{"start":{"line":28,"column":24},"end":{"line":28,"column":37}},"20":{"start":{"line":28,"column":38},"end":{"line":28,"column":52}},"21":{"start":{"line":29,"column":4},"end":{"line":35,"column":5}},"22":{"start":{"line":30,"column":6},"end":{"line":30,"column":45}},"23":{"start":{"line":31,"column":6},"end":{"line":31,"column":35}},"24":{"start":{"line":31,"column":36},"end":{"line":31,"column":51}},"25":{"start":{"line":31,"column":52},"end":{"line":31,"column":71}},"26":{"start":{"line":31,"column":72},"end":{"line":31,"column":78}},"27":{"start":{"line":33,"column":19},"end":{"line":33,"column":37}},"28":{"start":{"line":34,"column":6},"end":{"line":34,"column":101}},"29":{"start":{"line":38,"column":23},"end":{"line":42,"column":3}},"30":{"start":{"line":39,"column":4},"end":{"line":39,"column":47}},"31":{"start":{"line":39,"column":41},"end":{"line":39,"column":47}},"32":{"start":{"line":40,"column":4},"end":{"line":41,"column":42}},"33":{"start":{"line":40,"column":10},"end":{"line":40,"column":33}},"34":{"start":{"line":40,"column":34},"end":{"line":40,"column":78}},"35":{"start":{"line":40,"column":51},"end":{"line":40,"column":77}},"36":{"start":{"line":40,"column":65},"end":{"line":40,"column":76}},"37":{"start":{"line":41,"column":12},"end":{"line":41,"column":40}},"38":{"start":{"line":44,"column":2},"end":{"line":87,"column":3}},"39":{"start":{"line":48,"column":47},"end":{"line":48,"column":67}},"40":{"start":{"line":48,"column":64},"end":{"line":48,"column":66}},"41":{"start":{"line":73,"column":10},"end":{"line":82,"column":16}},"42":{"start":{"line":80,"column":63},"end":{"line":80,"column":81}}},"fnMap":{"0":{"name":"Policies","decl":{"start":{"line":10,"column":24},"end":{"line":10,"column":32}},"loc":{"start":{"line":10,"column":35},"end":{"line":88,"column":1}},"line":10},"1":{"name":"(anonymous_1)","decl":{"start":{"line":18,"column":15},"end":{"line":18,"column":16}},"loc":{"start":{"line":18,"column":27},"end":{"line":21,"column":3}},"line":18},"2":{"name":"(anonymous_2)","decl":{"start":{"line":23,"column":12},"end":{"line":23,"column":13}},"loc":{"start":{"line":23,"column":18},"end":{"line":23,"column":28}},"line":23},"3":{"name":"(anonymous_3)","decl":{"start":{"line":25,"column":14},"end":{"line":25,"column":15}},"loc":{"start":{"line":25,"column":21},"end":{"line":25,"column":73}},"line":25},"4":{"name":"(anonymous_4)","decl":{"start":{"line":25,"column":21},"end":{"line":25,"column":22}},"loc":{"start":{"line":25,"column":28},"end":{"line":25,"column":73}},"line":25},"5":{"name":"(anonymous_5)","decl":{"start":{"line":25,"column":36},"end":{"line":25,"column":37}},"loc":{"start":{"line":25,"column":42},"end":{"line":25,"column":71}},"line":25},"6":{"name":"(anonymous_6)","decl":{"start":{"line":27,"column":23},"end":{"line":27,"column":24}},"loc":{"start":{"line":27,"column":36},"end":{"line":36,"column":3}},"line":27},"7":{"name":"(anonymous_7)","decl":{"start":{"line":38,"column":23},"end":{"line":38,"column":24}},"loc":{"start":{"line":38,"column":37},"end":{"line":42,"column":3}},"line":38},"8":{"name":"(anonymous_8)","decl":{"start":{"line":40,"column":46},"end":{"line":40,"column":47}},"loc":{"start":{"line":40,"column":51},"end":{"line":40,"column":77}},"line":40},"9":{"name":"(anonymous_9)","decl":{"start":{"line":40,"column":60},"end":{"line":40,"column":61}},"loc":{"start":{"line":40,"column":65},"end":{"line":40,"column":76}},"line":40},"10":{"name":"(anonymous_10)","decl":{"start":{"line":48,"column":41},"end":{"line":48,"column":42}},"loc":{"start":{"line":48,"column":47},"end":{"line":48,"column":67}},"line":48},"11":{"name":"(anonymous_11)","decl":{"start":{"line":48,"column":59},"end":{"line":48,"column":60}},"loc":{"start":{"line":48,"column":64},"end":{"line":48,"column":66}},"line":48},"12":{"name":"(anonymous_12)","decl":{"start":{"line":72,"column":22},"end":{"line":72,"column":23}},"loc":{"start":{"line":73,"column":10},"end":{"line":82,"column":16}},"line":73},"13":{"name":"(anonymous_13)","decl":{"start":{"line":80,"column":57},"end":{"line":80,"column":58}},"loc":{"start":{"line":80,"column":63},"end":{"line":80,"column":81}},"line":80}},"branchMap":{"0":{"loc":{"start":{"line":30,"column":25},"end":{"line":30,"column":38}},"type":"binary-expr","locations":[{"start":{"line":30,"column":25},"end":{"line":30,"column":33}},{"start":{"line":30,"column":37},"end":{"line":30,"column":38}}],"line":30},"1":{"loc":{"start":{"line":34,"column":15},"end":{"line":34,"column":100}},"type":"cond-expr","locations":[{"start":{"line":34,"column":42},"end":{"line":34,"column":72}},{"start":{"line":34,"column":75},"end":{"line":34,"column":100}}],"line":34},"2":{"loc":{"start":{"line":34,"column":75},"end":{"line":34,"column":100}},"type":"binary-expr","locations":[{"start":{"line":34,"column":75},"end":{"line":34,"column":88}},{"start":{"line":34,"column":92},"end":{"line":34,"column":100}}],"line":34},"3":{"loc":{"start":{"line":39,"column":4},"end":{"line":39,"column":47}},"type":"if","locations":[{"start":{"line":39,"column":4},"end":{"line":39,"column":47}},{"start":{},"end":{}}],"line":39},"4":{"loc":{"start":{"line":48,"column":70},"end":{"line":48,"column":106}},"type":"cond-expr","locations":[{"start":{"line":48,"column":81},"end":{"line":48,"column":89}},{"start":{"line":48,"column":92},"end":{"line":48,"column":106}}],"line":48},"5":{"loc":{"start":{"line":51,"column":7},"end":{"line":68,"column":7}},"type":"binary-expr","locations":[{"start":{"line":51,"column":7},"end":{"line":51,"column":15}},{"start":{"line":52,"column":8},"end":{"line":67,"column":14}}],"line":51},"6":{"loc":{"start":{"line":63,"column":13},"end":{"line":63,"column":54}},"type":"binary-expr","locations":[{"start":{"line":63,"column":13},"end":{"line":63,"column":18}},{"start":{"line":63,"column":22},"end":{"line":63,"column":54}}],"line":63},"7":{"loc":{"start":{"line":64,"column":13},"end":{"line":64,"column":60}},"type":"binary-expr","locations":[{"start":{"line":64,"column":13},"end":{"line":64,"column":20}},{"start":{"line":64,"column":24},"end":{"line":64,"column":60}}],"line":64},"8":{"loc":{"start":{"line":70,"column":7},"end":{"line":70,"column":61}},"type":"binary-expr","locations":[{"start":{"line":70,"column":7},"end":{"line":70,"column":12}},{"start":{"line":70,"column":16},"end":{"line":70,"column":25}},{"start":{"line":70,"column":29},"end":{"line":70,"column":61}}],"line":70},"9":{"loc":{"start":{"line":84,"column":9},"end":{"line":84,"column":85}},"type":"binary-expr","locations":[{"start":{"line":84,"column":9},"end":{"line":84,"column":30}},{"start":{"line":84,"column":34},"end":{"line":84,"column":85}}],"line":84}},"s":{"0":0,"1":0,"2":0,"3":0,"4":0,"5":0,"6":0,"7":0,"8":0,"9":0,"10":0,"11":0,"12":0,"13":0,"14":0,"15":0,"16":0,"17":0,"18":0,"19":0,"20":0,"21":0,"22":0,"23":0,"24":0,"25":0,"26":0,"27":0,"28":0,"29":0,"30":0,"31":0,"32":0,"33":0,"34":0,"35":0,"36":0,"37":0,"38":0,"39":0,"40":0,"41":0,"42":0},"f":{"0":0,"1":0,"2":0,"3":0,"4":0,"5":0,"6":0,"7":0,"8":0,"9":0,"10":0,"11":0,"12":0,"13":0},"b":{"0":[0,0],"1":[0,0],"2":[0,0],"3":[0,0],"4":[0,0],"5":[0,0],"6":[0,0],"7":[0,0],"8":[0,0,0],"9":[0,0]}}
,"C:\\Users\\Kelly\\OneDrive\\Desktop\\DevTools\\git\\demo-insurance-api\\demo-ui\\src\\pages\\Register.jsx": {"path":"C:\\Users\\Kelly\\OneDrive\\Desktop\\DevTools\\git\\demo-insurance-api\\demo-ui\\src\\pages\\Register.jsx","statementMap":{"0":{"start":{"line":6,"column":19},"end":{"line":6,"column":32}},"1":{"start":{"line":7,"column":28},"end":{"line":7,"column":40}},"2":{"start":{"line":8,"column":32},"end":{"line":8,"column":44}},"3":{"start":{"line":9,"column":26},"end":{"line":12,"column":4}},"4":{"start":{"line":14,"column":14},"end":{"line":14,"column":81}},"5":{"start":{"line":14,"column":25},"end":{"line":14,"column":81}},"6":{"start":{"line":14,"column":32},"end":{"line":14,"column":81}},"7":{"start":{"line":14,"column":46},"end":{"line":14,"column":79}},"8":{"start":{"line":16,"column":23},"end":{"line":31,"column":3}},"9":{"start":{"line":17,"column":4},"end":{"line":17,"column":22}},"10":{"start":{"line":18,"column":4},"end":{"line":18,"column":17}},"11":{"start":{"line":18,"column":18},"end":{"line":18,"column":32}},"12":{"start":{"line":19,"column":4},"end":{"line":30,"column":5}},"13":{"start":{"line":20,"column":6},"end":{"line":20,"column":26}},"14":{"start":{"line":21,"column":6},"end":{"line":21,"column":56}},"15":{"start":{"line":22,"column":6},"end":{"line":22,"column":48}},"16":{"start":{"line":22,"column":23},"end":{"line":22,"column":41}},"17":{"start":{"line":24,"column":19},"end":{"line":24,"column":37}},"18":{"start":{"line":25,"column":6},"end":{"line":29,"column":7}},"19":{"start":{"line":26,"column":8},"end":{"line":26,"column":48}},"20":{"start":{"line":28,"column":8},"end":{"line":28,"column":56}},"21":{"start":{"line":33,"column":2},"end":{"line":55,"column":3}}},"fnMap":{"0":{"name":"Register","decl":{"start":{"line":5,"column":24},"end":{"line":5,"column":32}},"loc":{"start":{"line":5,"column":35},"end":{"line":56,"column":1}},"line":5},"1":{"name":"(anonymous_1)","decl":{"start":{"line":14,"column":14},"end":{"line":14,"column":15}},"loc":{"start":{"line":14,"column":25},"end":{"line":14,"column":81}},"line":14},"2":{"name":"(anonymous_2)","decl":{"start":{"line":14,"column":25},"end":{"line":14,"column":26}},"loc":{"start":{"line":14,"column":32},"end":{"line":14,"column":81}},"line":14},"3":{"name":"(anonymous_3)","decl":{"start":{"line":14,"column":40},"end":{"line":14,"column":41}},"loc":{"start":{"line":14,"column":46},"end":{"line":14,"column":79}},"line":14},"4":{"name":"(anonymous_4)","decl":{"start":{"line":16,"column":23},"end":{"line":16,"column":24}},"loc":{"start":{"line":16,"column":36},"end":{"line":31,"column":3}},"line":16},"5":{"name":"(anonymous_5)","decl":{"start":{"line":22,"column":17},"end":{"line":22,"column":18}},"loc":{"start":{"line":22,"column":23},"end":{"line":22,"column":41}},"line":22}},"branchMap":{"0":{"loc":{"start":{"line":25,"column":6},"end":{"line":29,"column":7}},"type":"if","locations":[{"start":{"line":25,"column":6},"end":{"line":29,"column":7}},{"start":{"line":27,"column":13},"end":{"line":29,"column":7}}],"line":25},"1":{"loc":{"start":{"line":25,"column":10},"end":{"line":25,"column":51}},"type":"binary-expr","locations":[{"start":{"line":25,"column":10},"end":{"line":25,"column":34}},{"start":{"line":25,"column":38},"end":{"line":25,"column":51}}],"line":25},"2":{"loc":{"start":{"line":28,"column":17},"end":{"line":28,"column":55}},"type":"binary-expr","locations":[{"start":{"line":28,"column":17},"end":{"line":28,"column":30}},{"start":{"line":28,"column":34},"end":{"line":28,"column":55}}],"line":28},"3":{"loc":{"start":{"line":46,"column":11},"end":{"line":46,"column":52}},"type":"binary-expr","locations":[{"start":{"line":46,"column":11},"end":{"line":46,"column":16}},{"start":{"line":46,"column":20},"end":{"line":46,"column":52}}],"line":46},"4":{"loc":{"start":{"line":47,"column":11},"end":{"line":47,"column":58}},"type":"binary-expr","locations":[{"start":{"line":47,"column":11},"end":{"line":47,"column":18}},{"start":{"line":47,"column":22},"end":{"line":47,"column":58}}],"line":47}},"s":{"0":0,"1":0,"2":0,"3":0,"4":0,"5":0,"6":0,"7":0,"8":0,"9":0,"10":0,"11":0,"12":0,"13":0,"14":0,"15":0,"16":0,"17":0,"18":0,"19":0,"20":0,"21":0},"f":{"0":0,"1":0,"2":0,"3":0,"4":0,"5":0},"b":{"0":[0,0],"1":[0,0],"2":[0,0],"3":[0,0],"4":[0,0]}}
}
